Using pre-set license
Built from '2020.3/staging' branch; Version is '2020.3.9f1 (108be757e447) revision 1084391'; Using compiler version '192528614'; Build Type 'Release'
OS: 'Windows 10 Education; OS build 18363.1854; Version 1909; 64bit' Language: 'en' Physical Memory: 16266 MB
BatchMode: 1, IsHumanControllingUs: 0, StartBugReporterOnCrash: 0, Is64bit: 1, IsPro: 0

 COMMAND LINE ARGUMENTS:
Z:\2020.3.9f1\Editor\Unity.exe
-adb2
-batchMode
-noUpm
-name
AssetImportWorker0
-projectPath
C:/Users/Jesse/Desktop/Time for School!/Unity Projects/VR Locomotion & Interaction Prototype/Locomotion-and-Interaction
-logFile
Logs/AssetImportWorker0.log
-srvPort
63446
Successfully changed project path to: C:/Users/Jesse/Desktop/Time for School!/Unity Projects/VR Locomotion & Interaction Prototype/Locomotion-and-Interaction
C:/Users/Jesse/Desktop/Time for School!/Unity Projects/VR Locomotion & Interaction Prototype/Locomotion-and-Interaction
Using Asset Import Pipeline V2.
Refreshing native plugins compatible for Editor in 66.97 ms, found 3 plugins.
Preloading 1 native plugins for Editor in 1.01 ms.
Initialize engine version: 2020.3.9f1 (108be757e447)
[Subsystems] Discovering subsystems at path Z:/2020.3.9f1/Editor/Data/Resources/UnitySubsystems
[Subsystems] Discovering subsystems at path C:/Users/Jesse/Desktop/Time for School!/Unity Projects/VR Locomotion & Interaction Prototype/Locomotion-and-Interaction/Assets
GfxDevice: creating device client; threaded=0
Direct3D:
    Version:  Direct3D 11.0 [level 11.1]
    Renderer: NVIDIA GeForce GTX 1070 (ID=0x1b81)
    Vendor:   
    VRAM:     8088 MB
    Driver:   30.0.14.7212
Shader 'Universal Render Pipeline/Particles/Lit': fallback shader 'Universal Render Pipeline/Particles/SimpleLit' not found
Initialize mono
Mono path[0] = 'Z:/2020.3.9f1/Editor/Data/Managed'
Mono path[1] = 'Z:/2020.3.9f1/Editor/Data/MonoBleedingEdge/lib/mono/unityjit'
Mono config path = 'Z:/2020.3.9f1/Editor/Data/MonoBleedingEdge/etc'
Using monoOptions --debugger-agent=transport=dt_socket,embedding=1,server=y,suspend=n,address=127.0.0.1:56400
Begin MonoManager ReloadAssembly
Registering precompiled unity dll's ...
Register platform support module: Z:/2020.3.9f1/Editor/Data/PlaybackEngines/WindowsStandaloneSupport/UnityEditor.WindowsStandalone.Extensions.dll
Registered in 0.001502 seconds.
Native extension for WindowsStandalone target not found
Refreshing native plugins compatible for Editor in 50.36 ms, found 3 plugins.
Preloading 1 native plugins for Editor in 0.14 ms.
Mono: successfully reloaded assembly
- Completed reload, in  1.455 seconds
Platform modules already initialized, skipping
Registering precompiled user dll's ...
Registered in 0.003843 seconds.
Begin MonoManager ReloadAssembly
Native extension for WindowsStandalone target not found
Refreshing native plugins compatible for Editor in 53.59 ms, found 3 plugins.
Preloading 1 native plugins for Editor in 0.14 ms.
[XR] OculusXRPlugin: registering subsystems
[XR] Unable to register display lifecyle provider: [1]
[XR] Oculus Input lifecycle provider registered.
[XR] Unable to register input lifecyle provider: [1]
NullReferenceException: Object reference not set to an instance of an object
  at Unity.XR.Oculus.OculusLoader.AssetPathToAbsolutePath (System.String assetPath) [0x00048] in C:\Users\Jesse\Desktop\Time for School!\Unity Projects\VR Locomotion & Interaction Prototype\Locomotion-and-Interaction\Library\PackageCache\com.unity.xr.oculus@1.9.1\Runtime\OculusLoader.cs:249 
  at Unity.XR.Oculus.OculusLoader.EditorLoadOVRPlugin () [0x0007b] in C:\Users\Jesse\Desktop\Time for School!\Unity Projects\VR Locomotion & Interaction Prototype\Locomotion-and-Interaction\Library\PackageCache\com.unity.xr.oculus@1.9.1\Runtime\OculusLoader.cs:234 

(Filename: Library/PackageCache/com.unity.xr.oculus@1.9.1/Runtime/OculusLoader.cs Line: 249)

Mono: successfully reloaded assembly
- Completed reload, in  1.131 seconds
Platform modules already initialized, skipping
========================================================================
Worker process is ready to serve import requests
Shader 'Universal Render Pipeline/Particles/Lit': fallback shader 'Universal Render Pipeline/Particles/SimpleLit' not found
Launched and connected shader compiler UnityShaderCompiler.exe after 0.06 seconds
Refreshing native plugins compatible for Editor in 0.59 ms, found 3 plugins.
Preloading 1 native plugins for Editor in 0.10 ms.
Unloading 2961 Unused Serialized files (Serialized files now loaded: 0)
System memory in use before: 211.7 MB.
System memory in use after: 211.9 MB.

Unloading 14 unused Assets to reduce memory usage. Loaded Objects now: 3417.
Total: 3.930200 ms (FindLiveObjects: 0.533600 ms CreateObjectMapping: 0.375500 ms MarkObjects: 2.912600 ms  DeleteObjects: 0.107200 ms)

========================================================================
Received Import Request.
  path: Assets/ButtonEvent.cs
  artifactKey: Guid(23b6c734e773c8e4681d5a2e11b78cff) Importer(815301076,1909f56bfc062723c751e8b465ee728b)
Start importing Assets/ButtonEvent.cs using Guid(23b6c734e773c8e4681d5a2e11b78cff) Importer(815301076,1909f56bfc062723c751e8b465ee728b)  -> (artifact id: 'f335549bd642dc86fedbc43fadf0f22a') in 0.073991 seconds
  Import took 0.079544 seconds .

========================================================================
Received Import Request.
  Time since last request: 12.100394 seconds.
  path: Assets/UniversalRenderPipelineAsset.asset
  artifactKey: Guid(8c9f804f5ba76e746ad0c995c00f9722) Importer(815301076,1909f56bfc062723c751e8b465ee728b)
Start importing Assets/UniversalRenderPipelineAsset.asset using Guid(8c9f804f5ba76e746ad0c995c00f9722) Importer(815301076,1909f56bfc062723c751e8b465ee728b)  -> (artifact id: '42b1fac3ba599ab92a2121d339947f5b') in 0.039882 seconds
  Import took 0.047500 seconds .

========================================================================
Received Import Request.
  Time since last request: 51.655672 seconds.
  path: Assets/Scripts/ScreenFadeFeature.cs
  artifactKey: Guid(1adf071b9e5320246a43819d08e1e78b) Importer(815301076,1909f56bfc062723c751e8b465ee728b)
Start importing Assets/Scripts/ScreenFadeFeature.cs using Guid(1adf071b9e5320246a43819d08e1e78b) Importer(815301076,1909f56bfc062723c751e8b465ee728b)  -> (artifact id: '05ae6601d01cc6a249c67a9269658f77') in 0.014199 seconds
  Import took 0.020707 seconds .

========================================================================
Received Import Request.
  Time since last request: 0.003093 seconds.
  path: Assets/Scripts/ScreenFadeFeature.cs
  artifactKey: Guid(1adf071b9e5320246a43819d08e1e78b) Importer(815301076,1909f56bfc062723c751e8b465ee728b)
Start importing Assets/Scripts/ScreenFadeFeature.cs using Guid(1adf071b9e5320246a43819d08e1e78b) Importer(815301076,1909f56bfc062723c751e8b465ee728b)  -> (artifact id: '05ae6601d01cc6a249c67a9269658f77') in 0.004860 seconds
  Import took 0.012082 seconds .

========================================================================
Received Import Request.
  Time since last request: 30.957176 seconds.
  path: Assets/Scripts/ScreenFade.cs
  artifactKey: Guid(6f55f542c19416944bd1de59d8908544) Importer(815301076,1909f56bfc062723c751e8b465ee728b)
Start importing Assets/Scripts/ScreenFade.cs using Guid(6f55f542c19416944bd1de59d8908544) Importer(815301076,1909f56bfc062723c751e8b465ee728b)  -> (artifact id: '9f51cc43bf947fbfca6bb47831a4ed42') in 0.014619 seconds
  Import took 0.021897 seconds .

========================================================================
Received Import Request.
  Time since last request: 0.002033 seconds.
  path: Assets/Scripts/ScreenFade.cs
  artifactKey: Guid(6f55f542c19416944bd1de59d8908544) Importer(815301076,1909f56bfc062723c751e8b465ee728b)
Start importing Assets/Scripts/ScreenFade.cs using Guid(6f55f542c19416944bd1de59d8908544) Importer(815301076,1909f56bfc062723c751e8b465ee728b)  -> (artifact id: '9f51cc43bf947fbfca6bb47831a4ed42') in 0.004968 seconds
  Import took 0.011401 seconds .

========================================================================
Received Import Request.
  Time since last request: 40.678345 seconds.
  path: Assets/NewSurfaceShader.shader
  artifactKey: Guid(340685e348eaff846a2278ddb7b4d887) Importer(815301076,1909f56bfc062723c751e8b465ee728b)
Start importing Assets/NewSurfaceShader.shader using Guid(340685e348eaff846a2278ddb7b4d887) Importer(815301076,1909f56bfc062723c751e8b465ee728b)  -> (artifact id: '7e0c9acccaaf459cdc4788a140afb7bd') in 0.017400 seconds
  Import took 0.025714 seconds .

========================================================================
Received Import Request.
  Time since last request: 1.438343 seconds.
  path: Assets/NewSurfaceShader.shader
  artifactKey: Guid(340685e348eaff846a2278ddb7b4d887) Importer(815301076,1909f56bfc062723c751e8b465ee728b)
Start importing Assets/NewSurfaceShader.shader using Guid(340685e348eaff846a2278ddb7b4d887) Importer(815301076,1909f56bfc062723c751e8b465ee728b)  -> (artifact id: '7e0c9acccaaf459cdc4788a140afb7bd') in 0.006622 seconds
  Import took 0.013339 seconds .

========================================================================
Received Import Request.
  Time since last request: 205.187206 seconds.
  path: Assets/New Shader Graph.shadergraph
  artifactKey: Guid(a77dbf1749ffa154aba2fc8e62e6312c) Importer(815301076,1909f56bfc062723c751e8b465ee728b)
Start importing Assets/New Shader Graph.shadergraph using Guid(a77dbf1749ffa154aba2fc8e62e6312c) Importer(815301076,1909f56bfc062723c751e8b465ee728b)  -> (artifact id: 'bc8c74cff41e2d9f06019029282f4fc4') in 0.015125 seconds
  Import took 0.021078 seconds .

========================================================================
Received Import Request.
  Time since last request: 0.150587 seconds.
  path: Assets/New Shader Graph.shadergraph
  artifactKey: Guid(a77dbf1749ffa154aba2fc8e62e6312c) Importer(815301076,1909f56bfc062723c751e8b465ee728b)
Start importing Assets/New Shader Graph.shadergraph using Guid(a77dbf1749ffa154aba2fc8e62e6312c) Importer(815301076,1909f56bfc062723c751e8b465ee728b)  -> (artifact id: 'bc8c74cff41e2d9f06019029282f4fc4') in 0.007932 seconds
  Import took 0.014393 seconds .

========================================================================
Received Import Request.
  Time since last request: 10.904173 seconds.
  path: Assets/New Shader Graph 1.shadergraph
  artifactKey: Guid(8f07f79a169b91b4397442ad1a31d6d9) Importer(815301076,1909f56bfc062723c751e8b465ee728b)
Start importing Assets/New Shader Graph 1.shadergraph using Guid(8f07f79a169b91b4397442ad1a31d6d9) Importer(815301076,1909f56bfc062723c751e8b465ee728b)  -> (artifact id: 'fb0f7f93b7eee625ba431f05ea2d8a67') in 0.010614 seconds
  Import took 0.016916 seconds .

========================================================================
Received Import Request.
  Time since last request: 0.130297 seconds.
  path: Assets/New Shader Graph 1.shadergraph
  artifactKey: Guid(8f07f79a169b91b4397442ad1a31d6d9) Importer(815301076,1909f56bfc062723c751e8b465ee728b)
Start importing Assets/New Shader Graph 1.shadergraph using Guid(8f07f79a169b91b4397442ad1a31d6d9) Importer(815301076,1909f56bfc062723c751e8b465ee728b)  -> (artifact id: 'fb0f7f93b7eee625ba431f05ea2d8a67') in 0.005298 seconds
  Import took 0.011584 seconds .

========================================================================
Received Import Request.
  Time since last request: 640.092477 seconds.
  path: Assets/New Shader Graph 2.shadergraph
  artifactKey: Guid(55ed2617de452f440af451ab4e84c6dd) Importer(815301076,1909f56bfc062723c751e8b465ee728b)
Start importing Assets/New Shader Graph 2.shadergraph using Guid(55ed2617de452f440af451ab4e84c6dd) Importer(815301076,1909f56bfc062723c751e8b465ee728b)  -> (artifact id: 'fc4620f999b51aec775db537b85786bb') in 0.012727 seconds
  Import took 0.021154 seconds .

========================================================================
Received Import Request.
  Time since last request: 0.467581 seconds.
  path: Assets/New Shader Graph 2.shadergraph
  artifactKey: Guid(55ed2617de452f440af451ab4e84c6dd) Importer(815301076,1909f56bfc062723c751e8b465ee728b)
Start importing Assets/New Shader Graph 2.shadergraph using Guid(55ed2617de452f440af451ab4e84c6dd) Importer(815301076,1909f56bfc062723c751e8b465ee728b)  -> (artifact id: 'fc4620f999b51aec775db537b85786bb') in 0.007187 seconds
  Import took 0.014188 seconds .

========================================================================
Received Import Request.
  Time since last request: 147.268951 seconds.
  path: Assets/Fade.shader
  artifactKey: Guid(340685e348eaff846a2278ddb7b4d887) Importer(815301076,1909f56bfc062723c751e8b465ee728b)
Start importing Assets/Fade.shader using Guid(340685e348eaff846a2278ddb7b4d887) Importer(815301076,1909f56bfc062723c751e8b465ee728b)  -> (artifact id: '7cdcd34fb9a8b94a5830aa54628ebf8f') in 0.014553 seconds
  Import took 0.025407 seconds .

========================================================================
Received Import Request.
  Time since last request: 18.432627 seconds.
  path: Assets/Shader
  artifactKey: Guid(7ee3da27777fe55429ec7b649f462b4d) Importer(815301076,1909f56bfc062723c751e8b465ee728b)
Start importing Assets/Shader using Guid(7ee3da27777fe55429ec7b649f462b4d) Importer(815301076,1909f56bfc062723c751e8b465ee728b)  -> (artifact id: 'd9200bd8d721f4508f25328c28d347fa') in 0.010233 seconds
  Import took 0.016916 seconds .

========================================================================
Received Import Request.
  Time since last request: 311.590519 seconds.
  path: Assets/Shader/Fade.shader
  artifactKey: Guid(340685e348eaff846a2278ddb7b4d887) Importer(815301076,1909f56bfc062723c751e8b465ee728b)
Start importing Assets/Shader/Fade.shader using Guid(340685e348eaff846a2278ddb7b4d887) Importer(815301076,1909f56bfc062723c751e8b465ee728b)  -> (artifact id: '62bb1bbf6e82df33caf96b126b3be9ce') in 0.008362 seconds
  Import took 0.019114 seconds .

========================================================================
Received Import Request.
  Time since last request: 50.908499 seconds.
  path: Assets/Shader/Fade.shader
  artifactKey: Guid(340685e348eaff846a2278ddb7b4d887) Importer(815301076,1909f56bfc062723c751e8b465ee728b)
Start importing Assets/Shader/Fade.shader using Guid(340685e348eaff846a2278ddb7b4d887) Importer(815301076,1909f56bfc062723c751e8b465ee728b)  -> (artifact id: '9a43fbf8dca043eda9f9fb49e7481138') in 0.008561 seconds
  Import took 0.025688 seconds .

========================================================================
Received Import Request.
  Time since last request: 0.001513 seconds.
  path: Assets/Shader/Fade.shader
  artifactKey: Guid(340685e348eaff846a2278ddb7b4d887) Importer(815301076,1909f56bfc062723c751e8b465ee728b)
Start importing Assets/Shader/Fade.shader using Guid(340685e348eaff846a2278ddb7b4d887) Importer(815301076,1909f56bfc062723c751e8b465ee728b)  -> (artifact id: '9a43fbf8dca043eda9f9fb49e7481138') in 0.007361 seconds
  Import took 0.015372 seconds .

========================================================================
Received Import Request.
  Time since last request: 132.905871 seconds.
  path: Assets/Scripts/Fade
  artifactKey: Guid(ed05ed537e8081140bb911e22192a214) Importer(815301076,1909f56bfc062723c751e8b465ee728b)
Start importing Assets/Scripts/Fade using Guid(ed05ed537e8081140bb911e22192a214) Importer(815301076,1909f56bfc062723c751e8b465ee728b)  -> (artifact id: '75875be205a0279c8724a23470b623e7') in 0.006247 seconds
  Import took 0.016093 seconds .

========================================================================
Received Import Request.
  Time since last request: 1.039157 seconds.
  path: Assets/Scripts/ScreenFadePass.cs
  artifactKey: Guid(8ac64c7934efd1f47a7339adb8ab2ec0) Importer(815301076,1909f56bfc062723c751e8b465ee728b)
Start importing Assets/Scripts/ScreenFadePass.cs using Guid(8ac64c7934efd1f47a7339adb8ab2ec0) Importer(815301076,1909f56bfc062723c751e8b465ee728b)  -> (artifact id: '727d030e9d5e96c4a0f5d3e53db8e7af') in 0.017923 seconds
  Import took 0.027483 seconds .

========================================================================
Received Import Request.
  Time since last request: 70.454602 seconds.
  path: Assets/Scripts/Fade/TeleportAreaWithFadeUpdate.cs
  artifactKey: Guid(b41c02996ac11ed49a068dc404845295) Importer(815301076,1909f56bfc062723c751e8b465ee728b)
Start importing Assets/Scripts/Fade/TeleportAreaWithFadeUpdate.cs using Guid(b41c02996ac11ed49a068dc404845295) Importer(815301076,1909f56bfc062723c751e8b465ee728b)  -> (artifact id: '96806b2183b79f39326cc98b5be8f891') in 0.011852 seconds
  Import took 0.018824 seconds .

========================================================================
Received Import Request.
  Time since last request: 62.725033 seconds.
  path: Assets/Scripts/Fade/TeleportAreaWithFadeUpdate.cs
  artifactKey: Guid(b41c02996ac11ed49a068dc404845295) Importer(815301076,1909f56bfc062723c751e8b465ee728b)
Start importing Assets/Scripts/Fade/TeleportAreaWithFadeUpdate.cs using Guid(b41c02996ac11ed49a068dc404845295) Importer(815301076,1909f56bfc062723c751e8b465ee728b)  -> (artifact id: '48794c3a92bbfbe66a7902e5494831ac') in 0.005106 seconds
  Import took 0.014705 seconds .

========================================================================
Received Import Request.
  Time since last request: 593.916419 seconds.
  path: Assets/XR/Loaders
  artifactKey: Guid(1aa138c8cddaa1a4cbeed6ba36a2dbb2) Importer(815301076,1909f56bfc062723c751e8b465ee728b)
Start importing Assets/XR/Loaders using Guid(1aa138c8cddaa1a4cbeed6ba36a2dbb2) Importer(815301076,1909f56bfc062723c751e8b465ee728b)  -> (artifact id: 'fd96e5c4503b43c34e3062886bcba9cf') in 0.011036 seconds
  Import took 0.020701 seconds .

========================================================================
Received Import Request.
  Time since last request: 0.000613 seconds.
  path: Assets/XR/Loaders
  artifactKey: Guid(1aa138c8cddaa1a4cbeed6ba36a2dbb2) Importer(815301076,1909f56bfc062723c751e8b465ee728b)
Start importing Assets/XR/Loaders using Guid(1aa138c8cddaa1a4cbeed6ba36a2dbb2) Importer(815301076,1909f56bfc062723c751e8b465ee728b)  -> (artifact id: 'fd96e5c4503b43c34e3062886bcba9cf') in 0.004614 seconds
  Import took 0.011777 seconds .

========================================================================
Received Import Request.
  Time since last request: 6.823019 seconds.
  path: Packages/com.unity.subsystemregistration
  artifactKey: Guid(9b97b950bd7976cfa3f5fa2e7f0383b3) Importer(815301076,1909f56bfc062723c751e8b465ee728b)
Start importing Packages/com.unity.subsystemregistration using Guid(9b97b950bd7976cfa3f5fa2e7f0383b3) Importer(815301076,1909f56bfc062723c751e8b465ee728b)  -> (artifact id: 'c0b63764d6101935e346270601214666') in 0.010438 seconds
  Import took 0.019218 seconds .

========================================================================
Received Import Request.
  Time since last request: 0.740834 seconds.
  path: Packages/com.unity.shadergraph
  artifactKey: Guid(e7bcc7ca0c1a2a5e608ecad153be0f2d) Importer(815301076,1909f56bfc062723c751e8b465ee728b)
Start importing Packages/com.unity.shadergraph using Guid(e7bcc7ca0c1a2a5e608ecad153be0f2d) Importer(815301076,1909f56bfc062723c751e8b465ee728b)  -> (artifact id: '4349b9db8cb89332abd111789fc5f34a') in 0.020077 seconds
  Import took 0.035463 seconds .

========================================================================
Received Import Request.
  Time since last request: 0.482508 seconds.
  path: Packages/com.unity.mathematics
  artifactKey: Guid(795e97ad99e2f6ffd2060ae1983b6f25) Importer(815301076,1909f56bfc062723c751e8b465ee728b)
Start importing Packages/com.unity.mathematics using Guid(795e97ad99e2f6ffd2060ae1983b6f25) Importer(815301076,1909f56bfc062723c751e8b465ee728b)  -> (artifact id: 'aebfa49ff76e8719c04c38f477933d69') in 0.012291 seconds
  Import took 0.018564 seconds .

========================================================================
Received Import Request.
  Time since last request: 0.560952 seconds.
  path: Packages/com.unity.inputsystem
  artifactKey: Guid(77f6a1a5fdaf4eb381a13f21eadbbce0) Importer(815301076,1909f56bfc062723c751e8b465ee728b)
Start importing Packages/com.unity.inputsystem using Guid(77f6a1a5fdaf4eb381a13f21eadbbce0) Importer(815301076,1909f56bfc062723c751e8b465ee728b)  -> (artifact id: 'e491535fe12cde1f569ee0de5a3db332') in 0.010721 seconds
  Import took 0.021755 seconds .

========================================================================
Received Import Request.
  Time since last request: 0.537953 seconds.
  path: Packages/com.unity.render-pipelines.core
  artifactKey: Guid(fa2fec639fb8149193707851fce7d38b) Importer(815301076,1909f56bfc062723c751e8b465ee728b)
Start importing Packages/com.unity.render-pipelines.core using Guid(fa2fec639fb8149193707851fce7d38b) Importer(815301076,1909f56bfc062723c751e8b465ee728b)  -> (artifact id: '7aebf0c0648edb8a21062b7408ea914a') in 0.010666 seconds
  Import took 0.017735 seconds .

========================================================================
Received Prepare
Registering precompiled user dll's ...
Registered in 0.032253 seconds.
Begin MonoManager ReloadAssembly
Native extension for WindowsStandalone target not found
Refreshing native plugins compatible for Editor in 1.21 ms, found 3 plugins.
Preloading 1 native plugins for Editor in 0.23 ms.
NullReferenceException: Object reference not set to an instance of an object
  at Unity.XR.Oculus.OculusLoader.AssetPathToAbsolutePath (System.String assetPath) [0x00048] in C:\Users\Jesse\Desktop\Time for School!\Unity Projects\VR Locomotion & Interaction Prototype\Locomotion-and-Interaction\Library\PackageCache\com.unity.xr.oculus@1.9.1\Runtime\OculusLoader.cs:249 
  at Unity.XR.Oculus.OculusLoader.EditorLoadOVRPlugin () [0x0007b] in C:\Users\Jesse\Desktop\Time for School!\Unity Projects\VR Locomotion & Interaction Prototype\Locomotion-and-Interaction\Library\PackageCache\com.unity.xr.oculus@1.9.1\Runtime\OculusLoader.cs:234 

(Filename: Library/PackageCache/com.unity.xr.oculus@1.9.1/Runtime/OculusLoader.cs Line: 249)

Mono: successfully reloaded assembly
- Completed reload, in  1.235 seconds
Platform modules already initialized, skipping
Shader 'Universal Render Pipeline/Particles/Lit': fallback shader 'Universal Render Pipeline/Particles/SimpleLit' not found
Refreshing native plugins compatible for Editor in 0.62 ms, found 3 plugins.
Preloading 1 native plugins for Editor in 0.12 ms.
Unloading 2916 Unused Serialized files (Serialized files now loaded: 0)
System memory in use before: 207.3 MB.
System memory in use after: 207.1 MB.

Unloading 9 unused Assets to reduce memory usage. Loaded Objects now: 3495.
Total: 3.553100 ms (FindLiveObjects: 0.277300 ms CreateObjectMapping: 0.113200 ms MarkObjects: 2.742900 ms  DeleteObjects: 0.418600 ms)

========================================================================
Received Prepare
Registering precompiled user dll's ...
Registered in 0.004798 seconds.
Begin MonoManager ReloadAssembly
Native extension for WindowsStandalone target not found
Refreshing native plugins compatible for Editor in 0.65 ms, found 3 plugins.
Preloading 1 native plugins for Editor in 0.13 ms.
NullReferenceException: Object reference not set to an instance of an object
  at Unity.XR.Oculus.OculusLoader.AssetPathToAbsolutePath (System.String assetPath) [0x00048] in C:\Users\Jesse\Desktop\Time for School!\Unity Projects\VR Locomotion & Interaction Prototype\Locomotion-and-Interaction\Library\PackageCache\com.unity.xr.oculus@1.9.1\Runtime\OculusLoader.cs:249 
  at Unity.XR.Oculus.OculusLoader.EditorLoadOVRPlugin () [0x0007b] in C:\Users\Jesse\Desktop\Time for School!\Unity Projects\VR Locomotion & Interaction Prototype\Locomotion-and-Interaction\Library\PackageCache\com.unity.xr.oculus@1.9.1\Runtime\OculusLoader.cs:234 

(Filename: Library/PackageCache/com.unity.xr.oculus@1.9.1/Runtime/OculusLoader.cs Line: 249)

Mono: successfully reloaded assembly
- Completed reload, in  1.234 seconds
Platform modules already initialized, skipping
Shader 'Universal Render Pipeline/Particles/Lit': fallback shader 'Universal Render Pipeline/Particles/SimpleLit' not found
Refreshing native plugins compatible for Editor in 0.62 ms, found 3 plugins.
Preloading 1 native plugins for Editor in 0.10 ms.
Unloading 2915 Unused Serialized files (Serialized files now loaded: 0)
System memory in use before: 207.3 MB.
System memory in use after: 207.1 MB.

Unloading 9 unused Assets to reduce memory usage. Loaded Objects now: 3499.
Total: 4.071900 ms (FindLiveObjects: 0.459400 ms CreateObjectMapping: 0.338000 ms MarkObjects: 2.759900 ms  DeleteObjects: 0.513500 ms)

========================================================================
Received Prepare
Registering precompiled user dll's ...
Registered in 0.004119 seconds.
Begin MonoManager ReloadAssembly
Native extension for WindowsStandalone target not found
Refreshing native plugins compatible for Editor in 0.66 ms, found 3 plugins.
Preloading 1 native plugins for Editor in 0.13 ms.
NullReferenceException: Object reference not set to an instance of an object
  at Unity.XR.Oculus.OculusLoader.AssetPathToAbsolutePath (System.String assetPath) [0x00048] in C:\Users\Jesse\Desktop\Time for School!\Unity Projects\VR Locomotion & Interaction Prototype\Locomotion-and-Interaction\Library\PackageCache\com.unity.xr.oculus@1.9.1\Runtime\OculusLoader.cs:249 
  at Unity.XR.Oculus.OculusLoader.EditorLoadOVRPlugin () [0x0007b] in C:\Users\Jesse\Desktop\Time for School!\Unity Projects\VR Locomotion & Interaction Prototype\Locomotion-and-Interaction\Library\PackageCache\com.unity.xr.oculus@1.9.1\Runtime\OculusLoader.cs:234 

(Filename: Library/PackageCache/com.unity.xr.oculus@1.9.1/Runtime/OculusLoader.cs Line: 249)

Mono: successfully reloaded assembly
- Completed reload, in  1.141 seconds
Platform modules already initialized, skipping
Shader 'Universal Render Pipeline/Particles/Lit': fallback shader 'Universal Render Pipeline/Particles/SimpleLit' not found
Refreshing native plugins compatible for Editor in 0.63 ms, found 3 plugins.
Preloading 1 native plugins for Editor in 0.12 ms.
Unloading 2915 Unused Serialized files (Serialized files now loaded: 0)
System memory in use before: 207.4 MB.
System memory in use after: 207.2 MB.

Unloading 9 unused Assets to reduce memory usage. Loaded Objects now: 3503.
Total: 4.509000 ms (FindLiveObjects: 0.503400 ms CreateObjectMapping: 0.368100 ms MarkObjects: 3.163300 ms  DeleteObjects: 0.473000 ms)

========================================================================
Received Prepare
Registering precompiled user dll's ...
Registered in 0.003857 seconds.
Begin MonoManager ReloadAssembly
Native extension for WindowsStandalone target not found
Refreshing native plugins compatible for Editor in 0.69 ms, found 3 plugins.
Preloading 1 native plugins for Editor in 0.13 ms.
NullReferenceException: Object reference not set to an instance of an object
  at Unity.XR.Oculus.OculusLoader.AssetPathToAbsolutePath (System.String assetPath) [0x00048] in C:\Users\Jesse\Desktop\Time for School!\Unity Projects\VR Locomotion & Interaction Prototype\Locomotion-and-Interaction\Library\PackageCache\com.unity.xr.oculus@1.9.1\Runtime\OculusLoader.cs:249 
  at Unity.XR.Oculus.OculusLoader.EditorLoadOVRPlugin () [0x0007b] in C:\Users\Jesse\Desktop\Time for School!\Unity Projects\VR Locomotion & Interaction Prototype\Locomotion-and-Interaction\Library\PackageCache\com.unity.xr.oculus@1.9.1\Runtime\OculusLoader.cs:234 

(Filename: Library/PackageCache/com.unity.xr.oculus@1.9.1/Runtime/OculusLoader.cs Line: 249)

Mono: successfully reloaded assembly
- Completed reload, in  1.072 seconds
Platform modules already initialized, skipping
Shader 'Universal Render Pipeline/Particles/Lit': fallback shader 'Universal Render Pipeline/Particles/SimpleLit' not found
Refreshing native plugins compatible for Editor in 0.68 ms, found 3 plugins.
Preloading 1 native plugins for Editor in 0.15 ms.
Unloading 2915 Unused Serialized files (Serialized files now loaded: 0)
System memory in use before: 207.4 MB.
System memory in use after: 207.2 MB.

Unloading 9 unused Assets to reduce memory usage. Loaded Objects now: 3507.
Total: 4.324200 ms (FindLiveObjects: 0.496100 ms CreateObjectMapping: 0.345600 ms MarkObjects: 2.823600 ms  DeleteObjects: 0.657700 ms)

========================================================================
Received Prepare
Registering precompiled user dll's ...
Registered in 0.003830 seconds.
Begin MonoManager ReloadAssembly
Native extension for WindowsStandalone target not found
Refreshing native plugins compatible for Editor in 0.66 ms, found 3 plugins.
Preloading 1 native plugins for Editor in 0.13 ms.
NullReferenceException: Object reference not set to an instance of an object
  at Unity.XR.Oculus.OculusLoader.AssetPathToAbsolutePath (System.String assetPath) [0x00048] in C:\Users\Jesse\Desktop\Time for School!\Unity Projects\VR Locomotion & Interaction Prototype\Locomotion-and-Interaction\Library\PackageCache\com.unity.xr.oculus@1.9.1\Runtime\OculusLoader.cs:249 
  at Unity.XR.Oculus.OculusLoader.EditorLoadOVRPlugin () [0x0007b] in C:\Users\Jesse\Desktop\Time for School!\Unity Projects\VR Locomotion & Interaction Prototype\Locomotion-and-Interaction\Library\PackageCache\com.unity.xr.oculus@1.9.1\Runtime\OculusLoader.cs:234 

(Filename: Library/PackageCache/com.unity.xr.oculus@1.9.1/Runtime/OculusLoader.cs Line: 249)

Mono: successfully reloaded assembly
- Completed reload, in  1.192 seconds
Platform modules already initialized, skipping
Shader 'Universal Render Pipeline/Particles/Lit': fallback shader 'Universal Render Pipeline/Particles/SimpleLit' not found
Refreshing native plugins compatible for Editor in 0.67 ms, found 3 plugins.
Preloading 1 native plugins for Editor in 0.11 ms.
Unloading 2915 Unused Serialized files (Serialized files now loaded: 0)
System memory in use before: 207.5 MB.
System memory in use after: 207.2 MB.

Unloading 9 unused Assets to reduce memory usage. Loaded Objects now: 3511.
Total: 2.607500 ms (FindLiveObjects: 0.281700 ms CreateObjectMapping: 0.117200 ms MarkObjects: 1.799000 ms  DeleteObjects: 0.408800 ms)

========================================================================
Received Prepare
Registering precompiled user dll's ...
Registered in 0.004222 seconds.
Begin MonoManager ReloadAssembly
Native extension for WindowsStandalone target not found
Refreshing native plugins compatible for Editor in 0.65 ms, found 3 plugins.
Preloading 1 native plugins for Editor in 0.14 ms.
NullReferenceException: Object reference not set to an instance of an object
  at Unity.XR.Oculus.OculusLoader.AssetPathToAbsolutePath (System.String assetPath) [0x00048] in C:\Users\Jesse\Desktop\Time for School!\Unity Projects\VR Locomotion & Interaction Prototype\Locomotion-and-Interaction\Library\PackageCache\com.unity.xr.oculus@1.9.1\Runtime\OculusLoader.cs:249 
  at Unity.XR.Oculus.OculusLoader.EditorLoadOVRPlugin () [0x0007b] in C:\Users\Jesse\Desktop\Time for School!\Unity Projects\VR Locomotion & Interaction Prototype\Locomotion-and-Interaction\Library\PackageCache\com.unity.xr.oculus@1.9.1\Runtime\OculusLoader.cs:234 

(Filename: Library/PackageCache/com.unity.xr.oculus@1.9.1/Runtime/OculusLoader.cs Line: 249)

Mono: successfully reloaded assembly
- Completed reload, in  1.281 seconds
Platform modules already initialized, skipping
Shader 'Universal Render Pipeline/Particles/Lit': fallback shader 'Universal Render Pipeline/Particles/SimpleLit' not found
Refreshing native plugins compatible for Editor in 0.61 ms, found 3 plugins.
Preloading 1 native plugins for Editor in 0.10 ms.
Unloading 2915 Unused Serialized files (Serialized files now loaded: 0)
System memory in use before: 207.5 MB.
System memory in use after: 207.2 MB.

Unloading 9 unused Assets to reduce memory usage. Loaded Objects now: 3515.
Total: 5.036100 ms (FindLiveObjects: 0.361500 ms CreateObjectMapping: 0.116400 ms MarkObjects: 3.912900 ms  DeleteObjects: 0.644000 ms)

========================================================================
Received Import Request.
  Time since last request: 2745.315182 seconds.
  path: Assets/VRHands/Prefabs/LeftHand.prefab
  artifactKey: Guid(ab39840a387bdf24bbe2f9241b0b60fb) Importer(815301076,1909f56bfc062723c751e8b465ee728b)
Start importing Assets/VRHands/Prefabs/LeftHand.prefab using Guid(ab39840a387bdf24bbe2f9241b0b60fb) Importer(815301076,1909f56bfc062723c751e8b465ee728b)  -> (artifact id: '792c7f7cae606ffb45276c8760131b1f') in 0.684983 seconds
  Import took 0.695237 seconds .

========================================================================
Received Prepare
Registering precompiled user dll's ...
Registered in 0.004484 seconds.
Begin MonoManager ReloadAssembly
Native extension for WindowsStandalone target not found
Refreshing native plugins compatible for Editor in 0.61 ms, found 3 plugins.
Preloading 1 native plugins for Editor in 0.13 ms.
NullReferenceException: Object reference not set to an instance of an object
  at Unity.XR.Oculus.OculusLoader.AssetPathToAbsolutePath (System.String assetPath) [0x00048] in C:\Users\Jesse\Desktop\Time for School!\Unity Projects\VR Locomotion & Interaction Prototype\Locomotion-and-Interaction\Library\PackageCache\com.unity.xr.oculus@1.9.1\Runtime\OculusLoader.cs:249 
  at Unity.XR.Oculus.OculusLoader.EditorLoadOVRPlugin () [0x0007b] in C:\Users\Jesse\Desktop\Time for School!\Unity Projects\VR Locomotion & Interaction Prototype\Locomotion-and-Interaction\Library\PackageCache\com.unity.xr.oculus@1.9.1\Runtime\OculusLoader.cs:234 

(Filename: Library/PackageCache/com.unity.xr.oculus@1.9.1/Runtime/OculusLoader.cs Line: 249)

Mono: successfully reloaded assembly
- Completed reload, in  1.171 seconds
Platform modules already initialized, skipping
Shader 'Universal Render Pipeline/Particles/Lit': fallback shader 'Universal Render Pipeline/Particles/SimpleLit' not found
Refreshing native plugins compatible for Editor in 0.71 ms, found 3 plugins.
Preloading 1 native plugins for Editor in 0.11 ms.
Unloading 2915 Unused Serialized files (Serialized files now loaded: 0)
System memory in use before: 226.3 MB.
System memory in use after: 226.0 MB.

Unloading 9 unused Assets to reduce memory usage. Loaded Objects now: 3565.
Total: 4.159300 ms (FindLiveObjects: 0.530500 ms CreateObjectMapping: 0.267700 ms MarkObjects: 2.911000 ms  DeleteObjects: 0.449000 ms)

========================================================================
Received Prepare
Registering precompiled user dll's ...
Registered in 0.005281 seconds.
Begin MonoManager ReloadAssembly
Native extension for WindowsStandalone target not found
Refreshing native plugins compatible for Editor in 1.84 ms, found 3 plugins.
Preloading 1 native plugins for Editor in 0.34 ms.
NullReferenceException: Object reference not set to an instance of an object
  at Unity.XR.Oculus.OculusLoader.AssetPathToAbsolutePath (System.String assetPath) [0x00048] in C:\Users\Jesse\Desktop\Time for School!\Unity Projects\VR Locomotion & Interaction Prototype\Locomotion-and-Interaction\Library\PackageCache\com.unity.xr.oculus@1.9.1\Runtime\OculusLoader.cs:249 
  at Unity.XR.Oculus.OculusLoader.EditorLoadOVRPlugin () [0x0007b] in C:\Users\Jesse\Desktop\Time for School!\Unity Projects\VR Locomotion & Interaction Prototype\Locomotion-and-Interaction\Library\PackageCache\com.unity.xr.oculus@1.9.1\Runtime\OculusLoader.cs:234 

(Filename: Library/PackageCache/com.unity.xr.oculus@1.9.1/Runtime/OculusLoader.cs Line: 249)

Mono: successfully reloaded assembly
- Completed reload, in  1.740 seconds
Platform modules already initialized, skipping
Shader 'Universal Render Pipeline/Particles/Lit': fallback shader 'Universal Render Pipeline/Particles/SimpleLit' not found
Refreshing native plugins compatible for Editor in 0.68 ms, found 3 plugins.
Preloading 1 native plugins for Editor in 0.10 ms.
Unloading 2915 Unused Serialized files (Serialized files now loaded: 0)
System memory in use before: 226.3 MB.
System memory in use after: 226.0 MB.

Unloading 9 unused Assets to reduce memory usage. Loaded Objects now: 3569.
Total: 6.460300 ms (FindLiveObjects: 0.491900 ms CreateObjectMapping: 0.419100 ms MarkObjects: 4.824000 ms  DeleteObjects: 0.723900 ms)

========================================================================
Received Prepare
Registering precompiled user dll's ...
Registered in 0.003962 seconds.
Begin MonoManager ReloadAssembly
Native extension for WindowsStandalone target not found
Refreshing native plugins compatible for Editor in 0.64 ms, found 3 plugins.
Preloading 1 native plugins for Editor in 0.11 ms.
NullReferenceException: Object reference not set to an instance of an object
  at Unity.XR.Oculus.OculusLoader.AssetPathToAbsolutePath (System.String assetPath) [0x00048] in C:\Users\Jesse\Desktop\Time for School!\Unity Projects\VR Locomotion & Interaction Prototype\Locomotion-and-Interaction\Library\PackageCache\com.unity.xr.oculus@1.9.1\Runtime\OculusLoader.cs:249 
  at Unity.XR.Oculus.OculusLoader.EditorLoadOVRPlugin () [0x0007b] in C:\Users\Jesse\Desktop\Time for School!\Unity Projects\VR Locomotion & Interaction Prototype\Locomotion-and-Interaction\Library\PackageCache\com.unity.xr.oculus@1.9.1\Runtime\OculusLoader.cs:234 

(Filename: Library/PackageCache/com.unity.xr.oculus@1.9.1/Runtime/OculusLoader.cs Line: 249)

Mono: successfully reloaded assembly
- Completed reload, in  1.291 seconds
Platform modules already initialized, skipping
Shader 'Universal Render Pipeline/Particles/Lit': fallback shader 'Universal Render Pipeline/Particles/SimpleLit' not found
Refreshing native plugins compatible for Editor in 0.73 ms, found 3 plugins.
Preloading 1 native plugins for Editor in 0.15 ms.
Unloading 2915 Unused Serialized files (Serialized files now loaded: 0)
System memory in use before: 226.3 MB.
System memory in use after: 226.1 MB.

Unloading 9 unused Assets to reduce memory usage. Loaded Objects now: 3573.
Total: 4.138100 ms (FindLiveObjects: 0.432100 ms CreateObjectMapping: 0.330900 ms MarkObjects: 2.925400 ms  DeleteObjects: 0.448600 ms)

========================================================================
Received Import Request.
  Time since last request: 1279.996055 seconds.
  path: Assets/Scripts/Fade/TeleportAreaWithFadeUpdate.cs
  artifactKey: Guid(b41c02996ac11ed49a068dc404845295) Importer(815301076,1909f56bfc062723c751e8b465ee728b)
Start importing Assets/Scripts/Fade/TeleportAreaWithFadeUpdate.cs using Guid(b41c02996ac11ed49a068dc404845295) Importer(815301076,1909f56bfc062723c751e8b465ee728b)  -> (artifact id: '9b72c603752db6a4f387e38eab9a0087') in 0.018340 seconds
  Import took 0.025130 seconds .

========================================================================
Received Import Request.
  Time since last request: 0.027591 seconds.
  path: Assets/Scripts/Fade/TeleportAreaWithFadeUpdate.cs
  artifactKey: Guid(b41c02996ac11ed49a068dc404845295) Importer(815301076,1909f56bfc062723c751e8b465ee728b)
Start importing Assets/Scripts/Fade/TeleportAreaWithFadeUpdate.cs using Guid(b41c02996ac11ed49a068dc404845295) Importer(815301076,1909f56bfc062723c751e8b465ee728b)  -> (artifact id: '9b72c603752db6a4f387e38eab9a0087') in 0.003730 seconds
  Import took 0.010886 seconds .

AssetImportWorkerClient::OnTransportError - code=2 error=End of file
